Arguments: 
  C:\Program Files\nodejs\node.exe C:\Users\nitin\AppData\Roaming\npm\node_modules\yarn\bin\yarn.js add firebase

PATH: 
  C:\ProgramData\Oracle\Java\javapath;C:\Windows\system32;C:\Windows;C:\Windows\System32\Wbem;C:\Windows\System32\WindowsPowerShell\v1.0\;C:\Windows\System32\OpenSSH\;C:\Program Files\Git\cmd;C:\Users\nitin\AppData\Roaming\nvm;C:\Program Files\nodejs;C:\ProgramData\chocolatey\bin;C:\Program Files\OpenJDK\openjdk-11.0.14.1_1\bin;%LOCALAPPDATA%\Android\Sdk\platform-tools;C:\Program Files\MongoDB\Server\5.0\bin;C:\Program Files\Amazon\AWSCLIV2\;C:\Users\nitin\AppData\Local\Microsoft\WindowsApps;C:\Users\nitin\AppData\Local\Programs\Microsoft VS Code\bin;C:\Users\nitin\AppData\Roaming\nvm;C:\Program Files\nodejs;C:\Program Files\heroku\bin;C:\Users\nitin\AppData\Roaming\npm;C:\Users\nitin\AppData\Local\Android\Sdk\platform-tools;C:\Program Files\MongoDB\Server\5.0\bin;;C:\Users\nitin\.fly\bin

Yarn version: 
  1.22.17

Node version: 
  18.14.1

Platform: 
  win32 x64

Trace: 
  SyntaxError: D:\package.json: Unexpected token < in JSON at position 6
      at JSON.parse (<anonymous>)
      at C:\Users\nitin\AppData\Roaming\npm\node_modules\yarn\lib\cli.js:1625:59
      at Generator.next (<anonymous>)
      at step (C:\Users\nitin\AppData\Roaming\npm\node_modules\yarn\lib\cli.js:310:30)
      at C:\Users\nitin\AppData\Roaming\npm\node_modules\yarn\lib\cli.js:321:13

npm manifest: 
  {
    "name": "jellimals",
    "version": "1.0.0",
    "description": "",
    "main": "index.js",
    "scripts": {
      "test": "echo \"Error: no test specified\" && exit 1",
      "start": "node index.js"
    },
    "keywords": [],
    "author": "",
    "license": "ISC",
    "dependencies": {
      "axios": "^1.5.0",
      "btoa": "^1.2.1",
      "crypto-js": "^4.1.1",
      "firebase": "^10.4.0",
      "fs": "0.0.1-security",
      "itertools": "^2.1.2",
      "mongoose": "^7.5.3",
      "yarn": "^1.22.19"
    }
  }

yarn manifest: 
  No manifest

Lockfile: 
  # THIS IS AN AUTOGENERATED FILE. DO NOT EDIT THIS FILE DIRECTLY.
  # yarn lockfile v1
  
  
  "@firebase/analytics-compat@0.2.6":
    version "0.2.6"
    resolved "https://registry.npmjs.org/@firebase/analytics-compat/-/analytics-compat-0.2.6.tgz"
    integrity sha512-4MqpVLFkGK7NJf/5wPEEP7ePBJatwYpyjgJ+wQHQGHfzaCDgntOnl9rL2vbVGGKCnRqWtZDIWhctB86UWXaX2Q==
    dependencies:
      "@firebase/analytics" "0.10.0"
      "@firebase/analytics-types" "0.8.0"
      "@firebase/component" "0.6.4"
      "@firebase/util" "1.9.3"
      tslib "^2.1.0"
  
  "@firebase/analytics-types@0.8.0":
    version "0.8.0"
    resolved "https://registry.npmjs.org/@firebase/analytics-types/-/analytics-types-0.8.0.tgz"
    integrity sha512-iRP+QKI2+oz3UAh4nPEq14CsEjrjD6a5+fuypjScisAh9kXKFvdJOZJDwk7kikLvWVLGEs9+kIUS4LPQV7VZVw==
  
  "@firebase/analytics@0.10.0":
    version "0.10.0"
    resolved "https://registry.npmjs.org/@firebase/analytics/-/analytics-0.10.0.tgz"
    integrity sha512-Locv8gAqx0e+GX/0SI3dzmBY5e9kjVDtD+3zCFLJ0tH2hJwuCAiL+5WkHuxKj92rqQj/rvkBUCfA1ewlX2hehg==
    dependencies:
      "@firebase/component" "0.6.4"
      "@firebase/installations" "0.6.4"
      "@firebase/logger" "0.4.0"
      "@firebase/util" "1.9.3"
      tslib "^2.1.0"
  
  "@firebase/app-check-compat@0.3.7":
    version "0.3.7"
    resolved "https://registry.npmjs.org/@firebase/app-check-compat/-/app-check-compat-0.3.7.tgz"
    integrity sha512-cW682AxsyP1G+Z0/P7pO/WT2CzYlNxoNe5QejVarW2o5ZxeWSSPAiVEwpEpQR/bUlUmdeWThYTMvBWaopdBsqw==
    dependencies:
      "@firebase/app-check" "0.8.0"
      "@firebase/app-check-types" "0.5.0"
      "@firebase/component" "0.6.4"
      "@firebase/logger" "0.4.0"
      "@firebase/util" "1.9.3"
      tslib "^2.1.0"
  
  "@firebase/app-check-interop-types@0.3.0":
    version "0.3.0"
    resolved "https://registry.npmjs.org/@firebase/app-check-interop-types/-/app-check-interop-types-0.3.0.tgz"
    integrity sha512-xAxHPZPIgFXnI+vb4sbBjZcde7ZluzPPaSK7Lx3/nmuVk4TjZvnL8ONnkd4ERQKL8WePQySU+pRcWkh8rDf5Sg==
  
  "@firebase/app-check-types@0.5.0":
    version "0.5.0"
    resolved "https://registry.npmjs.org/@firebase/app-check-types/-/app-check-types-0.5.0.tgz"
    integrity sha512-uwSUj32Mlubybw7tedRzR24RP8M8JUVR3NPiMk3/Z4bCmgEKTlQBwMXrehDAZ2wF+TsBq0SN1c6ema71U/JPyQ==
  
  "@firebase/app-check@0.8.0":
    version "0.8.0"
    resolved "https://registry.npmjs.org/@firebase/app-check/-/app-check-0.8.0.tgz"
    integrity sha512-dRDnhkcaC2FspMiRK/Vbp+PfsOAEP6ZElGm9iGFJ9fDqHoPs0HOPn7dwpJ51lCFi1+2/7n5pRPGhqF/F03I97g==
    dependencies:
      "@firebase/component" "0.6.4"
      "@firebase/logger" "0.4.0"
      "@firebase/util" "1.9.3"
      tslib "^2.1.0"
  
  "@firebase/app-compat@0.2.19", "@firebase/app-compat@0.x":
    version "0.2.19"
    resolved "https://registry.npmjs.org/@firebase/app-compat/-/app-compat-0.2.19.tgz"
    integrity sha512-QkJDqYqjhvs4fTMcRVXQkP9hbo5yfoJXDWkhU4VA5Vzs8Qsp76VPzYbqx5SD5OmBy+bz/Ot1UV8qySPGI4aKuw==
    dependencies:
      "@firebase/app" "0.9.19"
      "@firebase/component" "0.6.4"
      "@firebase/logger" "0.4.0"
      "@firebase/util" "1.9.3"
      tslib "^2.1.0"
  
  "@firebase/app-types@0.9.0", "@firebase/app-types@0.x":
    version "0.9.0"
    resolved "https://registry.npmjs.org/@firebase/app-types/-/app-types-0.9.0.tgz"
    integrity sha512-AeweANOIo0Mb8GiYm3xhTEBVCmPwTYAu9Hcd2qSkLuga/6+j9b1Jskl5bpiSQWy9eJ/j5pavxj6eYogmnuzm+Q==
  
  "@firebase/app@0.9.19", "@firebase/app@0.x":
    version "0.9.19"
    resolved "https://registry.npmjs.org/@firebase/app/-/app-0.9.19.tgz"
    integrity sha512-t/SHyZ3xWkR77ZU9VMoobDNFLdDKQ5xqoCAn4o16gTsA1C8sJ6ZOMZ02neMOPxNHuQXVE4tA8ukilnDbnK7uJA==
    dependencies:
      "@firebase/component" "0.6.4"
      "@firebase/logger" "0.4.0"
      "@firebase/util" "1.9.3"
      idb "7.1.1"
      tslib "^2.1.0"
  
  "@firebase/auth-compat@0.4.6":
    version "0.4.6"
    resolved "https://registry.npmjs.org/@firebase/auth-compat/-/auth-compat-0.4.6.tgz"
    integrity sha512-pKp1d4fSf+yoy1EBjTx9ISxlunqhW0vTICk0ByZ3e+Lp6ZIXThfUy4F1hAJlEafD/arM0oepRiAh7LXS1xn/BA==
    dependencies:
      "@firebase/auth" "1.3.0"
      "@firebase/auth-types" "0.12.0"
      "@firebase/component" "0.6.4"
      "@firebase/util" "1.9.3"
      node-fetch "2.6.7"
      tslib "^2.1.0"
  
  "@firebase/auth-interop-types@0.2.1":
    version "0.2.1"
    resolved "https://registry.npmjs.org/@firebase/auth-interop-types/-/auth-interop-types-0.2.1.tgz"
    integrity sha512-VOaGzKp65MY6P5FI84TfYKBXEPi6LmOCSMMzys6o2BN2LOsqy7pCuZCup7NYnfbk5OkkQKzvIfHOzTm0UDpkyg==
  
  "@firebase/auth-types@0.12.0":
    version "0.12.0"
    resolved "https://registry.npmjs.org/@firebase/auth-types/-/auth-types-0.12.0.tgz"
    integrity sha512-pPwaZt+SPOshK8xNoiQlK5XIrS97kFYc3Rc7xmy373QsOJ9MmqXxLaYssP5Kcds4wd2qK//amx/c+A8O2fVeZA==
  
  "@firebase/auth@1.3.0":
    version "1.3.0"
    resolved "https://registry.npmjs.org/@firebase/auth/-/auth-1.3.0.tgz"
    integrity sha512-vjK4CHbY9aWdiVOrKi6mpa8z6uxeaf7LB/MZTHuZOiGHMcUoTGB6TeMbRShyqk1uaMrxhhZ5Ar/dR0965E1qyA==
    dependencies:
      "@firebase/component" "0.6.4"
      "@firebase/logger" "0.4.0"
      "@firebase/util" "1.9.3"
      node-fetch "2.6.7"
      tslib "^2.1.0"
  
  "@firebase/component@0.6.4":
    version "0.6.4"
    resolved "https://registry.npmjs.org/@firebase/component/-/component-0.6.4.tgz"
    integrity sha512-rLMyrXuO9jcAUCaQXCMjCMUsWrba5fzHlNK24xz5j2W6A/SRmK8mZJ/hn7V0fViLbxC0lPMtrK1eYzk6Fg03jA==
    dependencies:
      "@firebase/util" "1.9.3"
      tslib "^2.1.0"
  
  "@firebase/database-compat@1.0.1":
    version "1.0.1"
    resolved "https://registry.npmjs.org/@firebase/database-compat/-/database-compat-1.0.1.tgz"
    integrity sha512-ky82yLIboLxtAIWyW/52a6HLMVTzD2kpZlEilVDok73pNPLjkJYowj8iaIWK5nTy7+6Gxt7d00zfjL6zckGdXQ==
    dependencies:
      "@firebase/component" "0.6.4"
      "@firebase/database" "1.0.1"
      "@firebase/database-types" "1.0.0"
      "@firebase/logger" "0.4.0"
      "@firebase/util" "1.9.3"
      tslib "^2.1.0"
  
  "@firebase/database-types@1.0.0":
    version "1.0.0"
    resolved "https://registry.npmjs.org/@firebase/database-types/-/database-types-1.0.0.tgz"
    integrity sha512-SjnXStoE0Q56HcFgNQ+9SsmJc0c8TqGARdI/T44KXy+Ets3r6x/ivhQozT66bMnCEjJRywYoxNurRTMlZF8VNg==
    dependencies:
      "@firebase/app-types" "0.9.0"
      "@firebase/util" "1.9.3"
  
  "@firebase/database@1.0.1":
    version "1.0.1"
    resolved "https://registry.npmjs.org/@firebase/database/-/database-1.0.1.tgz"
    integrity sha512-VAhF7gYwunW4Lw/+RQZvW8dlsf2r0YYqV9W0Gi2Mz8+0TGg1mBJWoUtsHfOr8kPJXhcLsC4eP/z3x6L/Fvjk/A==
    dependencies:
      "@firebase/auth-interop-types" "0.2.1"
      "@firebase/component" "0.6.4"
      "@firebase/logger" "0.4.0"
      "@firebase/util" "1.9.3"
      faye-websocket "0.11.4"
      tslib "^2.1.0"
  
  "@firebase/firestore-compat@0.3.18":
    version "0.3.18"
    resolved "https://registry.npmjs.org/@firebase/firestore-compat/-/firestore-compat-0.3.18.tgz"
    integrity sha512-hkqv4mb1oScKbEtzfcK8Go8c0VpDWmbAvbD6B6XnphLqi27pkXgo9Rp+aSKlD7cBL29VMEekP5bEm9lSVfZpNw==
    dependencies:
      "@firebase/component" "0.6.4"
      "@firebase/firestore" "4.2.0"
      "@firebase/firestore-types" "3.0.0"
      "@firebase/util" "1.9.3"
      tslib "^2.1.0"
  
  "@firebase/firestore-types@3.0.0":
    version "3.0.0"
    resolved "https://registry.npmjs.org/@firebase/firestore-types/-/firestore-types-3.0.0.tgz"
    integrity sha512-Meg4cIezHo9zLamw0ymFYBD4SMjLb+ZXIbuN7T7ddXN6MGoICmOTq3/ltdCGoDCS2u+H1XJs2u/cYp75jsX9Qw==
  
  "@firebase/firestore@4.2.0":
    version "4.2.0"
    resolved "https://registry.npmjs.org/@firebase/firestore/-/firestore-4.2.0.tgz"
    integrity sha512-iKZqIdOBJpJUcwY5airLX0W04TLrQSJuActOP1HG5WoIY5oyGTQE4Ml7hl5GW7mBqFieT4ojtUuDXj6MLrn1lA==
    dependencies:
      "@firebase/component" "0.6.4"
      "@firebase/logger" "0.4.0"
      "@firebase/util" "1.9.3"
      "@firebase/webchannel-wrapper" "0.10.3"
      "@grpc/grpc-js" "~1.9.0"
      "@grpc/proto-loader" "^0.7.8"
      node-fetch "2.6.7"
      tslib "^2.1.0"
  
  "@firebase/functions-compat@0.3.5":
    version "0.3.5"
    resolved "https://registry.npmjs.org/@firebase/functions-compat/-/functions-compat-0.3.5.tgz"
    integrity sha512-uD4jwgwVqdWf6uc3NRKF8cSZ0JwGqSlyhPgackyUPe+GAtnERpS4+Vr66g0b3Gge0ezG4iyHo/EXW/Hjx7QhHw==
    dependencies:
      "@firebase/component" "0.6.4"
      "@firebase/functions" "0.10.0"
      "@firebase/functions-types" "0.6.0"
      "@firebase/util" "1.9.3"
      tslib "^2.1.0"
  
  "@firebase/functions-types@0.6.0":
    version "0.6.0"
    resolved "https://registry.npmjs.org/@firebase/functions-types/-/functions-types-0.6.0.tgz"
    integrity sha512-hfEw5VJtgWXIRf92ImLkgENqpL6IWpYaXVYiRkFY1jJ9+6tIhWM7IzzwbevwIIud/jaxKVdRzD7QBWfPmkwCYw==
  
  "@firebase/functions@0.10.0":
    version "0.10.0"
    resolved "https://registry.npmjs.org/@firebase/functions/-/functions-0.10.0.tgz"
    integrity sha512-2U+fMNxTYhtwSpkkR6WbBcuNMOVaI7MaH3cZ6UAeNfj7AgEwHwMIFLPpC13YNZhno219F0lfxzTAA0N62ndWzA==
    dependencies:
      "@firebase/app-check-interop-types" "0.3.0"
      "@firebase/auth-interop-types" "0.2.1"
      "@firebase/component" "0.6.4"
      "@firebase/messaging-interop-types" "0.2.0"
      "@firebase/util" "1.9.3"
      node-fetch "2.6.7"
      tslib "^2.1.0"
  
  "@firebase/installations-compat@0.2.4":
    version "0.2.4"
    resolved "https://registry.npmjs.org/@firebase/installations-compat/-/installations-compat-0.2.4.tgz"
    integrity sha512-LI9dYjp0aT9Njkn9U4JRrDqQ6KXeAmFbRC0E7jI7+hxl5YmRWysq5qgQl22hcWpTk+cm3es66d/apoDU/A9n6Q==
    dependencies:
      "@firebase/component" "0.6.4"
      "@firebase/installations" "0.6.4"
      "@firebase/installations-types" "0.5.0"
      "@firebase/util" "1.9.3"
      tslib "^2.1.0"
  
  "@firebase/installations-types@0.5.0":
    version "0.5.0"
    resolved "https://registry.npmjs.org/@firebase/installations-types/-/installations-types-0.5.0.tgz"
    integrity sha512-9DP+RGfzoI2jH7gY4SlzqvZ+hr7gYzPODrbzVD82Y12kScZ6ZpRg/i3j6rleto8vTFC8n6Len4560FnV1w2IRg==
  
  "@firebase/installations@0.6.4":
    version "0.6.4"
    resolved "https://registry.npmjs.org/@firebase/installations/-/installations-0.6.4.tgz"
    integrity sha512-u5y88rtsp7NYkCHC3ElbFBrPtieUybZluXyzl7+4BsIz4sqb4vSAuwHEUgCgCeaQhvsnxDEU6icly8U9zsJigA==
    dependencies:
      "@firebase/component" "0.6.4"
      "@firebase/util" "1.9.3"
      idb "7.0.1"
      tslib "^2.1.0"
  
  "@firebase/logger@0.4.0":
    version "0.4.0"
    resolved "https://registry.npmjs.org/@firebase/logger/-/logger-0.4.0.tgz"
    integrity sha512-eRKSeykumZ5+cJPdxxJRgAC3G5NknY2GwEbKfymdnXtnT0Ucm4pspfR6GT4MUQEDuJwRVbVcSx85kgJulMoFFA==
    dependencies:
      tslib "^2.1.0"
  
  "@firebase/messaging-compat@0.2.4":
    version "0.2.4"
    resolved "https://registry.npmjs.org/@firebase/messaging-compat/-/messaging-compat-0.2.4.tgz"
    integrity sha512-lyFjeUhIsPRYDPNIkYX1LcZMpoVbBWXX4rPl7c/rqc7G+EUea7IEtSt4MxTvh6fDfPuzLn7+FZADfscC+tNMfg==
    dependencies:
      "@firebase/component" "0.6.4"
      "@firebase/messaging" "0.12.4"
      "@firebase/util" "1.9.3"
      tslib "^2.1.0"
  
  "@firebase/messaging-interop-types@0.2.0":
    version "0.2.0"
    resolved "https://registry.npmjs.org/@firebase/messaging-interop-types/-/messaging-interop-types-0.2.0.tgz"
    integrity sha512-ujA8dcRuVeBixGR9CtegfpU4YmZf3Lt7QYkcj693FFannwNuZgfAYaTmbJ40dtjB81SAu6tbFPL9YLNT15KmOQ==
  
  "@firebase/messaging@0.12.4":
    version "0.12.4"
    resolved "https://registry.npmjs.org/@firebase/messaging/-/messaging-0.12.4.tgz"
    integrity sha512-6JLZct6zUaex4g7HI3QbzeUrg9xcnmDAPTWpkoMpd/GoSVWH98zDoWXMGrcvHeCAIsLpFMe4MPoZkJbrPhaASw==
    dependencies:
      "@firebase/component" "0.6.4"
      "@firebase/installations" "0.6.4"
      "@firebase/messaging-interop-types" "0.2.0"
      "@firebase/util" "1.9.3"
      idb "7.0.1"
      tslib "^2.1.0"
  
  "@firebase/performance-compat@0.2.4":
    version "0.2.4"
    resolved "https://registry.npmjs.org/@firebase/performance-compat/-/performance-compat-0.2.4.tgz"
    integrity sha512-nnHUb8uP9G8islzcld/k6Bg5RhX62VpbAb/Anj7IXs/hp32Eb2LqFPZK4sy3pKkBUO5wcrlRWQa6wKOxqlUqsg==
    dependencies:
      "@firebase/component" "0.6.4"
      "@firebase/logger" "0.4.0"
      "@firebase/performance" "0.6.4"
      "@firebase/performance-types" "0.2.0"
      "@firebase/util" "1.9.3"
      tslib "^2.1.0"
  
  "@firebase/performance-types@0.2.0":
    version "0.2.0"
    resolved "https://registry.npmjs.org/@firebase/performance-types/-/performance-types-0.2.0.tgz"
    integrity sha512-kYrbr8e/CYr1KLrLYZZt2noNnf+pRwDq2KK9Au9jHrBMnb0/C9X9yWSXmZkFt4UIdsQknBq8uBB7fsybZdOBTA==
  
  "@firebase/performance@0.6.4":
    version "0.6.4"
    resolved "https://registry.npmjs.org/@firebase/performance/-/performance-0.6.4.tgz"
    integrity sha512-HfTn/bd8mfy/61vEqaBelNiNnvAbUtME2S25A67Nb34zVuCSCRIX4SseXY6zBnOFj3oLisaEqhVcJmVPAej67g==
    dependencies:
      "@firebase/component" "0.6.4"
      "@firebase/installations" "0.6.4"
      "@firebase/logger" "0.4.0"
      "@firebase/util" "1.9.3"
      tslib "^2.1.0"
  
  "@firebase/remote-config-compat@0.2.4":
    version "0.2.4"
    resolved "https://registry.npmjs.org/@firebase/remote-config-compat/-/remote-config-compat-0.2.4.tgz"
    integrity sha512-FKiki53jZirrDFkBHglB3C07j5wBpitAaj8kLME6g8Mx+aq7u9P7qfmuSRytiOItADhWUj7O1JIv7n9q87SuwA==
    dependencies:
      "@firebase/component" "0.6.4"
      "@firebase/logger" "0.4.0"
      "@firebase/remote-config" "0.4.4"
      "@firebase/remote-config-types" "0.3.0"
      "@firebase/util" "1.9.3"
      tslib "^2.1.0"
  
  "@firebase/remote-config-types@0.3.0":
    version "0.3.0"
    resolved "https://registry.npmjs.org/@firebase/remote-config-types/-/remote-config-types-0.3.0.tgz"
    integrity sha512-RtEH4vdcbXZuZWRZbIRmQVBNsE7VDQpet2qFvq6vwKLBIQRQR5Kh58M4ok3A3US8Sr3rubYnaGqZSurCwI8uMA==
  
  "@firebase/remote-config@0.4.4":
    version "0.4.4"
    resolved "https://registry.npmjs.org/@firebase/remote-config/-/remote-config-0.4.4.tgz"
    integrity sha512-x1ioTHGX8ZwDSTOVp8PBLv2/wfwKzb4pxi0gFezS5GCJwbLlloUH4YYZHHS83IPxnua8b6l0IXUaWd0RgbWwzQ==
    dependencies:
      "@firebase/component" "0.6.4"
      "@firebase/installations" "0.6.4"
      "@firebase/logger" "0.4.0"
      "@firebase/util" "1.9.3"
      tslib "^2.1.0"
  
  "@firebase/storage-compat@0.3.2":
    version "0.3.2"
    resolved "https://registry.npmjs.org/@firebase/storage-compat/-/storage-compat-0.3.2.tgz"
    integrity sha512-wvsXlLa9DVOMQJckbDNhXKKxRNNewyUhhbXev3t8kSgoCotd1v3MmqhKKz93ePhDnhHnDs7bYHy+Qa8dRY6BXw==
    dependencies:
      "@firebase/component" "0.6.4"
      "@firebase/storage" "0.11.2"
      "@firebase/storage-types" "0.8.0"
      "@firebase/util" "1.9.3"
      tslib "^2.1.0"
  
  "@firebase/storage-types@0.8.0":
    version "0.8.0"
    resolved "https://registry.npmjs.org/@firebase/storage-types/-/storage-types-0.8.0.tgz"
    integrity sha512-isRHcGrTs9kITJC0AVehHfpraWFui39MPaU7Eo8QfWlqW7YPymBmRgjDrlOgFdURh6Cdeg07zmkLP5tzTKRSpg==
  
  "@firebase/storage@0.11.2":
    version "0.11.2"
    resolved "https://registry.npmjs.org/@firebase/storage/-/storage-0.11.2.tgz"
    integrity sha512-CtvoFaBI4hGXlXbaCHf8humajkbXhs39Nbh6MbNxtwJiCqxPy9iH3D3CCfXAvP0QvAAwmJUTK3+z9a++Kc4nkA==
    dependencies:
      "@firebase/component" "0.6.4"
      "@firebase/util" "1.9.3"
      node-fetch "2.6.7"
      tslib "^2.1.0"
  
  "@firebase/util@1.9.3", "@firebase/util@1.x":
    version "1.9.3"
    resolved "https://registry.npmjs.org/@firebase/util/-/util-1.9.3.tgz"
    integrity sha512-DY02CRhOZwpzO36fHpuVysz6JZrscPiBXD0fXp6qSrL9oNOx5KWICKdR95C0lSITzxp0TZosVyHqzatE8JbcjA==
    dependencies:
      tslib "^2.1.0"
  
  "@firebase/webchannel-wrapper@0.10.3":
    version "0.10.3"
    resolved "https://registry.npmjs.org/@firebase/webchannel-wrapper/-/webchannel-wrapper-0.10.3.tgz"
    integrity sha512-+ZplYUN3HOpgCfgInqgdDAbkGGVzES1cs32JJpeqoh87SkRobGXElJx+1GZSaDqzFL+bYiX18qEcBK76mYs8uA==
  
  "@grpc/grpc-js@~1.9.0":
    version "1.9.5"
    resolved "https://registry.npmjs.org/@grpc/grpc-js/-/grpc-js-1.9.5.tgz"
    integrity sha512-iouYNlPxRAwZ2XboDT+OfRKHuaKHiqjB5VFYZ0NFrHkbEF+AV3muIUY9olQsp8uxU4VvRCMiRk9ftzFDGb61aw==
    dependencies:
      "@grpc/proto-loader" "^0.7.8"
      "@types/node" ">=12.12.47"
  
  "@grpc/proto-loader@^0.7.8":
    version "0.7.10"
    resolved "https://registry.npmjs.org/@grpc/proto-loader/-/proto-loader-0.7.10.tgz"
    integrity sha512-CAqDfoaQ8ykFd9zqBDn4k6iWT9loLAlc2ETmDFS9JCD70gDcnA4L3AFEo2iV7KyAtAAHFW9ftq1Fz+Vsgq80RQ==
    dependencies:
      lodash.camelcase "^4.3.0"
      long "^5.0.0"
      protobufjs "^7.2.4"
      yargs "^17.7.2"
  
  "@mongodb-js/saslprep@^1.1.0":
    version "1.1.0"
    resolved "https://registry.npmjs.org/@mongodb-js/saslprep/-/saslprep-1.1.0.tgz"
    integrity sha512-Xfijy7HvfzzqiOAhAepF4SGN5e9leLkMvg/OPOF97XemjfVCYN/oWa75wnkc6mltMSTwY+XlbhWgUOJmkFspSw==
    dependencies:
      sparse-bitfield "^3.0.3"
  
  "@protobufjs/aspromise@^1.1.1", "@protobufjs/aspromise@^1.1.2":
    version "1.1.2"
    resolved "https://registry.npmjs.org/@protobufjs/aspromise/-/aspromise-1.1.2.tgz"
    integrity sha512-j+gKExEuLmKwvz3OgROXtrJ2UG2x8Ch2YZUxahh+s1F2HZ+wAceUNLkvy6zKCPVRkU++ZWQrdxsUeQXmcg4uoQ==
  
  "@protobufjs/base64@^1.1.2":
    version "1.1.2"
    resolved "https://registry.npmjs.org/@protobufjs/base64/-/base64-1.1.2.tgz"
    integrity sha512-AZkcAA5vnN/v4PDqKyMR5lx7hZttPDgClv83E//FMNhR2TMcLUhfRUBHCmSl0oi9zMgDDqRUJkSxO3wm85+XLg==
  
  "@protobufjs/codegen@^2.0.4":
    version "2.0.4"
    resolved "https://registry.npmjs.org/@protobufjs/codegen/-/codegen-2.0.4.tgz"
    integrity sha512-YyFaikqM5sH0ziFZCN3xDC7zeGaB/d0IUb9CATugHWbd1FRFwWwt4ld4OYMPWu5a3Xe01mGAULCdqhMlPl29Jg==
  
  "@protobufjs/eventemitter@^1.1.0":
    version "1.1.0"
    resolved "https://registry.npmjs.org/@protobufjs/eventemitter/-/eventemitter-1.1.0.tgz"
    integrity sha512-j9ednRT81vYJ9OfVuXG6ERSTdEL1xVsNgqpkxMsbIabzSo3goCjDIveeGv5d03om39ML71RdmrGNjG5SReBP/Q==
  
  "@protobufjs/fetch@^1.1.0":
    version "1.1.0"
    resolved "https://registry.npmjs.org/@protobufjs/fetch/-/fetch-1.1.0.tgz"
    integrity sha512-lljVXpqXebpsijW71PZaCYeIcE5on1w5DlQy5WH6GLbFryLUrBD4932W/E2BSpfRJWseIL4v/KPgBFxDOIdKpQ==
    dependencies:
      "@protobufjs/aspromise" "^1.1.1"
      "@protobufjs/inquire" "^1.1.0"
  
  "@protobufjs/float@^1.0.2":
    version "1.0.2"
    resolved "https://registry.npmjs.org/@protobufjs/float/-/float-1.0.2.tgz"
    integrity sha512-Ddb+kVXlXst9d+R9PfTIxh1EdNkgoRe5tOX6t01f1lYWOvJnSPDBlG241QLzcyPdoNTsblLUdujGSE4RzrTZGQ==
  
  "@protobufjs/inquire@^1.1.0":
    version "1.1.0"
    resolved "https://registry.npmjs.org/@protobufjs/inquire/-/inquire-1.1.0.tgz"
    integrity sha512-kdSefcPdruJiFMVSbn801t4vFK7KB/5gd2fYvrxhuJYg8ILrmn9SKSX2tZdV6V+ksulWqS7aXjBcRXl3wHoD9Q==
  
  "@protobufjs/path@^1.1.2":
    version "1.1.2"
    resolved "https://registry.npmjs.org/@protobufjs/path/-/path-1.1.2.tgz"
    integrity sha512-6JOcJ5Tm08dOHAbdR3GrvP+yUUfkjG5ePsHYczMFLq3ZmMkAD98cDgcT2iA1lJ9NVwFd4tH/iSSoe44YWkltEA==
  
  "@protobufjs/pool@^1.1.0":
    version "1.1.0"
    resolved "https://registry.npmjs.org/@protobufjs/pool/-/pool-1.1.0.tgz"
    integrity sha512-0kELaGSIDBKvcgS4zkjz1PeddatrjYcmMWOlAuAPwAeccUrPHdUqo/J6LiymHHEiJT5NrF1UVwxY14f+fy4WQw==
  
  "@protobufjs/utf8@^1.1.0":
    version "1.1.0"
    resolved "https://registry.npmjs.org/@protobufjs/utf8/-/utf8-1.1.0.tgz"
    integrity sha512-Vvn3zZrhQZkkBE8LSuW3em98c0FwgO4nxzv6OdSxPKJIEKY2bGbHn+mhGIPerzI4twdxaP8/0+06HBpwf345Lw==
  
  "@types/node@*", "@types/node@>=12.12.47", "@types/node@>=13.7.0":
    version "20.7.0"
    resolved "https://registry.npmjs.org/@types/node/-/node-20.7.0.tgz"
    integrity sha512-zI22/pJW2wUZOVyguFaUL1HABdmSVxpXrzIqkjsHmyUjNhPoWM1CKfvVuXfetHhIok4RY573cqS0mZ1SJEnoTg==
  
  "@types/webidl-conversions@*":
    version "7.0.1"
    resolved "https://registry.npmjs.org/@types/webidl-conversions/-/webidl-conversions-7.0.1.tgz"
    integrity sha512-8hKOnOan+Uu+NgMaCouhg3cT9x5fFZ92Jwf+uDLXLu/MFRbXxlWwGeQY7KVHkeSft6RvY+tdxklUBuyY9eIEKg==
  
  "@types/whatwg-url@^8.2.1":
    version "8.2.2"
    resolved "https://registry.npmjs.org/@types/whatwg-url/-/whatwg-url-8.2.2.tgz"
    integrity sha512-FtQu10RWgn3D9U4aazdwIE2yzphmTJREDqNdODHrbrZmmMqI0vMheC/6NE/J1Yveaj8H+ela+YwWTjq5PGmuhA==
    dependencies:
      "@types/node" "*"
      "@types/webidl-conversions" "*"
  
  ansi-regex@^5.0.1:
    version "5.0.1"
    resolved "https://registry.npmjs.org/ansi-regex/-/ansi-regex-5.0.1.tgz"
    integrity sha512-quJQXlTSUGL2LH9SUXo8VwsY4soanhgo6LNSm84E1LBcE8s3O0wpdiRzyR9z/ZZJMlMWv37qOOb9pdJlMUEKFQ==
  
  ansi-styles@^4.0.0:
    version "4.3.0"
    resolved "https://registry.npmjs.org/ansi-styles/-/ansi-styles-4.3.0.tgz"
    integrity sha512-zbB9rCJAT1rbjiVDb2hqKFHNYLxgtk8NURxZ3IZwD3F6NtxbXZQCnnSi1Lkx+IDohdPlFp222wVALIheZJQSEg==
    dependencies:
      color-convert "^2.0.1"
  
  asynckit@^0.4.0:
    version "0.4.0"
    resolved "https://registry.npmjs.org/asynckit/-/asynckit-0.4.0.tgz"
    integrity sha512-Oei9OH4tRh0YqU3GxhX79dM/mwVgvbZJaSNaRk+bshkj0S5cfHcgYakreBjrHwatXKbz+IoIdYLxrKim2MjW0Q==
  
  axios@^1.5.0:
    version "1.5.0"
    resolved "https://registry.npmjs.org/axios/-/axios-1.5.0.tgz"
    integrity sha512-D4DdjDo5CY50Qms0qGQTTw6Q44jl7zRwY7bthds06pUGfChBCTcQs+N743eFWGEd6pRTMd6A+I87aWyFV5wiZQ==
    dependencies:
      follow-redirects "^1.15.0"
      form-data "^4.0.0"
      proxy-from-env "^1.1.0"
  
  bson@^5.4.0:
    version "5.5.0"
    resolved "https://registry.npmjs.org/bson/-/bson-5.5.0.tgz"
    integrity sha512-B+QB4YmDx9RStKv8LLSl/aVIEV3nYJc3cJNNTK2Cd1TL+7P+cNpw9mAPeCgc5K+j01Dv6sxUzcITXDx7ZU3F0w==
  
  btoa@^1.2.1:
    version "1.2.1"
    resolved "https://registry.npmjs.org/btoa/-/btoa-1.2.1.tgz"
    integrity sha512-SB4/MIGlsiVkMcHmT+pSmIPoNDoHg+7cMzmt3Uxt628MTz2487DKSqK/fuhFBrkuqrYv5UCEnACpF4dTFNKc/g==
  
  cliui@^8.0.1:
    version "8.0.1"
    resolved "https://registry.npmjs.org/cliui/-/cliui-8.0.1.tgz"
    integrity sha512-BSeNnyus75C4//NQ9gQt1/csTXyo/8Sb+afLAkzAptFuMsod9HFokGNudZpi/oQV73hnVK+sR+5PVRMd+Dr7YQ==
    dependencies:
      string-width "^4.2.0"
      strip-ansi "^6.0.1"
      wrap-ansi "^7.0.0"
  
  color-convert@^2.0.1:
    version "2.0.1"
    resolved "https://registry.npmjs.org/color-convert/-/color-convert-2.0.1.tgz"
    integrity sha512-RRECPsj7iu/xb5oKYcsFHSppFNnsj/52OVTRKb4zP5onXwVF3zVmmToNcOfGC+CRDpfK/U584fMg38ZHCaElKQ==
    dependencies:
      color-name "~1.1.4"
  
  color-name@~1.1.4:
    version "1.1.4"
    resolved "https://registry.npmjs.org/color-name/-/color-name-1.1.4.tgz"
    integrity sha512-dOy+3AuW3a2wNbZHIuMZpTcgjGuLU/uBL/ubcZF9OXbDo8ff4O8yVp5Bf0efS8uEoYo5q4Fx7dY9OgQGXgAsQA==
  
  combined-stream@^1.0.8:
    version "1.0.8"
    resolved "https://registry.npmjs.org/combined-stream/-/combined-stream-1.0.8.tgz"
    integrity sha512-FQN4MRfuJeHf7cBbBMJFXhKSDq+2kAArBlmRBvcvFE5BB1HZKXtSFASDhdlz9zOYwxh8lDdnvmMOe/+5cdoEdg==
    dependencies:
      delayed-stream "~1.0.0"
  
  crypto-js@^4.1.1:
    version "4.1.1"
    resolved "https://registry.npmjs.org/crypto-js/-/crypto-js-4.1.1.tgz"
    integrity sha512-o2JlM7ydqd3Qk9CA0L4NL6mTzU2sdx96a+oOfPu8Mkl/PK51vSyoi8/rQ8NknZtk44vq15lmhAj9CIAGwgeWKw==
  
  debug@4.x:
    version "4.3.4"
    resolved "https://registry.npmjs.org/debug/-/debug-4.3.4.tgz"
    integrity sha512-PRWFHuSU3eDtQJPvnNY7Jcket1j0t5OuOsFzPPzsekD52Zl8qUfFIPEiswXqIvHWGVHOgX+7G/vCNNhehwxfkQ==
    dependencies:
      ms "2.1.2"
  
  delayed-stream@~1.0.0:
    version "1.0.0"
    resolved "https://registry.npmjs.org/delayed-stream/-/delayed-stream-1.0.0.tgz"
    integrity sha512-ZySD7Nf91aLB0RxL4KGrKHBXl7Eds1DAmEdcoVawXnLD7SDhpNgtuII2aAkg7a7QS41jxPSZ17p4VdGnMHk3MQ==
  
  emoji-regex@^8.0.0:
    version "8.0.0"
    resolved "https://registry.npmjs.org/emoji-regex/-/emoji-regex-8.0.0.tgz"
    integrity sha512-MSjYzcWNOA0ewAHpz0MxpYFvwg6yjy1NG3xteoqz644VCo/RPgnr1/GGt+ic3iJTzQ8Eu3TdM14SawnVUmGE6A==
  
  escalade@^3.1.1:
    version "3.1.1"
    resolved "https://registry.npmjs.org/escalade/-/escalade-3.1.1.tgz"
    integrity sha512-k0er2gUkLf8O0zKJiAhmkTnJlTvINGv7ygDNPbeIsX/TJjGJZHuh9B2UxbsaEkmlEo9MfhrSzmhIlhRlI2GXnw==
  
  faye-websocket@0.11.4:
    version "0.11.4"
    resolved "https://registry.npmjs.org/faye-websocket/-/faye-websocket-0.11.4.tgz"
    integrity sha512-CzbClwlXAuiRQAlUyfqPgvPoNKTckTPGfwZV4ZdAhVcP2lh9KUxJg2b5GkE7XbjKQ3YJnQ9z6D9ntLAlB+tP8g==
    dependencies:
      websocket-driver ">=0.5.1"
  
  firebase@^10.4.0:
    version "10.4.0"
    resolved "https://registry.npmjs.org/firebase/-/firebase-10.4.0.tgz"
    integrity sha512-3Z8WsNwA7kbcKGZ+nrTZ/ES518pk0K440ZJYD8nUNKN5hV6ll+unhUw30t1msedN6yIFjhsC/9OwT4Z0ohwO2w==
    dependencies:
      "@firebase/analytics" "0.10.0"
      "@firebase/analytics-compat" "0.2.6"
      "@firebase/app" "0.9.19"
      "@firebase/app-check" "0.8.0"
      "@firebase/app-check-compat" "0.3.7"
      "@firebase/app-compat" "0.2.19"
      "@firebase/app-types" "0.9.0"
      "@firebase/auth" "1.3.0"
      "@firebase/auth-compat" "0.4.6"
      "@firebase/database" "1.0.1"
      "@firebase/database-compat" "1.0.1"
      "@firebase/firestore" "4.2.0"
      "@firebase/firestore-compat" "0.3.18"
      "@firebase/functions" "0.10.0"
      "@firebase/functions-compat" "0.3.5"
      "@firebase/installations" "0.6.4"
      "@firebase/installations-compat" "0.2.4"
      "@firebase/messaging" "0.12.4"
      "@firebase/messaging-compat" "0.2.4"
      "@firebase/performance" "0.6.4"
      "@firebase/performance-compat" "0.2.4"
      "@firebase/remote-config" "0.4.4"
      "@firebase/remote-config-compat" "0.2.4"
      "@firebase/storage" "0.11.2"
      "@firebase/storage-compat" "0.3.2"
      "@firebase/util" "1.9.3"
  
  follow-redirects@^1.15.0:
    version "1.15.2"
    resolved "https://registry.npmjs.org/follow-redirects/-/follow-redirects-1.15.2.tgz"
    integrity sha512-VQLG33o04KaQ8uYi2tVNbdrWp1QWxNNea+nmIB4EVM28v0hmP17z7aG1+wAkNzVq4KeXTq3221ye5qTJP91JwA==
  
  form-data@^4.0.0:
    version "4.0.0"
    resolved "https://registry.npmjs.org/form-data/-/form-data-4.0.0.tgz"
    integrity sha512-ETEklSGi5t0QMZuiXoA/Q6vcnxcLQP5vdugSpuAyi6SVGi2clPPp+xgEhuMaHC+zGgn31Kd235W35f7Hykkaww==
    dependencies:
      asynckit "^0.4.0"
      combined-stream "^1.0.8"
      mime-types "^2.1.12"
  
  fs@0.0.1-security:
    version "0.0.1-security"
    resolved "https://registry.npmjs.org/fs/-/fs-0.0.1-security.tgz"
    integrity sha512-3XY9e1pP0CVEUCdj5BmfIZxRBTSDycnbqhIOGec9QYtmVH2fbLpj86CFWkrNOkt/Fvty4KZG5lTglL9j/gJ87w==
  
  get-caller-file@^2.0.5:
    version "2.0.5"
    resolved "https://registry.npmjs.org/get-caller-file/-/get-caller-file-2.0.5.tgz"
    integrity sha512-DyFP3BM/3YHTQOCUL/w0OZHR0lpKeGrxotcHWcqNEdnltqFwXVfhEBQ94eIo34AfQpo0rGki4cyIiftY06h2Fg==
  
  http-parser-js@>=0.5.1:
    version "0.5.8"
    resolved "https://registry.npmjs.org/http-parser-js/-/http-parser-js-0.5.8.tgz"
    integrity sha512-SGeBX54F94Wgu5RH3X5jsDtf4eHyRogWX1XGT3b4HuW3tQPM4AaBzoUji/4AAJNXCEOWZ5O0DgZmJw1947gD5Q==
  
  idb@7.0.1:
    version "7.0.1"
    resolved "https://registry.npmjs.org/idb/-/idb-7.0.1.tgz"
    integrity sha512-UUxlE7vGWK5RfB/fDwEGgRf84DY/ieqNha6msMV99UsEMQhJ1RwbCd8AYBj3QMgnE3VZnfQvm4oKVCJTYlqIgg==
  
  idb@7.1.1:
    version "7.1.1"
    resolved "https://registry.npmjs.org/idb/-/idb-7.1.1.tgz"
    integrity sha512-gchesWBzyvGHRO9W8tzUWFDycow5gwjvFKfyV9FF32Y7F50yZMp7mP+T2mJIWFx49zicqyC4uefHM17o6xKIVQ==
  
  ip@^2.0.0:
    version "2.0.0"
    resolved "https://registry.npmjs.org/ip/-/ip-2.0.0.tgz"
    integrity sha512-WKa+XuLG1A1R0UWhl2+1XQSi+fZWMsYKffMZTTYsiZaUD8k2yDAj5atimTUD2TZkyCkNEeYE5NhFZmupOGtjYQ==
  
  is-fullwidth-code-point@^3.0.0:
    version "3.0.0"
    resolved "https://registry.npmjs.org/is-fullwidth-code-point/-/is-fullwidth-code-point-3.0.0.tgz"
    integrity sha512-zymm5+u+sCsSWyD9qNaejV3DFvhCKclKdizYaJUuHA83RLjb7nSuGnddCHGv0hk+KY7BMAlsWeK4Ueg6EV6XQg==
  
  itertools@^2.1.2:
    version "2.1.2"
    resolved "https://registry.npmjs.org/itertools/-/itertools-2.1.2.tgz"
    integrity sha512-NySaJiB+ikC4gDIMMv5pWNcT1FvJavz0TAcinb/+jKmVXs1EbkhY5WcrZS7Se2FvGNz7zI1pUhBJ6ImX3zXuHg==
  
  kareem@2.5.1:
    version "2.5.1"
    resolved "https://registry.npmjs.org/kareem/-/kareem-2.5.1.tgz"
    integrity sha512-7jFxRVm+jD+rkq3kY0iZDJfsO2/t4BBPeEb2qKn2lR/9KhuksYk5hxzfRYWMPV8P/x2d0kHD306YyWLzjjH+uA==
  
  lodash.camelcase@^4.3.0:
    version "4.3.0"
    resolved "https://registry.npmjs.org/lodash.camelcase/-/lodash.camelcase-4.3.0.tgz"
    integrity sha512-TwuEnCnxbc3rAvhf/LbG7tJUDzhqXyFnv3dtzLOPgCG/hODL7WFnsbwktkD7yUV0RrreP/l1PALq/YSg6VvjlA==
  
  long@^5.0.0:
    version "5.2.3"
    resolved "https://registry.npmjs.org/long/-/long-5.2.3.tgz"
    integrity sha512-lcHwpNoggQTObv5apGNCTdJrO69eHOZMi4BNC+rTLER8iHAqGrUVeLh/irVIM7zTw2bOXA8T6uNPeujwOLg/2Q==
  
  memory-pager@^1.0.2:
    version "1.5.0"
    resolved "https://registry.npmjs.org/memory-pager/-/memory-pager-1.5.0.tgz"
    integrity sha512-ZS4Bp4r/Zoeq6+NLJpP+0Zzm0pR8whtGPf1XExKLJBAczGMnSi3It14OiNCStjQjM6NU1okjQGSxgEZN8eBYKg==
  
  mime-db@1.52.0:
    version "1.52.0"
    resolved "https://registry.npmjs.org/mime-db/-/mime-db-1.52.0.tgz"
    integrity sha512-sPU4uV7dYlvtWJxwwxHD0PuihVNiE7TyAbQ5SWxDCB9mUYvOgroQOwYQQOKPJ8CIbE+1ETVlOoK1UC2nU3gYvg==
  
  mime-types@^2.1.12:
    version "2.1.35"
    resolved "https://registry.npmjs.org/mime-types/-/mime-types-2.1.35.tgz"
    integrity sha512-ZDY+bPm5zTTF+YpCrAU9nK0UgICYPT0QtT1NZWFv4s++TNkcgVaT0g6+4R2uI4MjQjzysHB1zxuWL50hzaeXiw==
    dependencies:
      mime-db "1.52.0"
  
  mongodb-connection-string-url@^2.6.0:
    version "2.6.0"
    resolved "https://registry.npmjs.org/mongodb-connection-string-url/-/mongodb-connection-string-url-2.6.0.tgz"
    integrity sha512-WvTZlI9ab0QYtTYnuMLgobULWhokRjtC7db9LtcVfJ+Hsnyr5eo6ZtNAt3Ly24XZScGMelOcGtm7lSn0332tPQ==
    dependencies:
      "@types/whatwg-url" "^8.2.1"
      whatwg-url "^11.0.0"
  
  mongodb@5.8.1:
    version "5.8.1"
    resolved "https://registry.npmjs.org/mongodb/-/mongodb-5.8.1.tgz"
    integrity sha512-wKyh4kZvm6NrCPH8AxyzXm3JBoEf4Xulo0aUWh3hCgwgYJxyQ1KLST86ZZaSWdj6/kxYUA3+YZuyADCE61CMSg==
    dependencies:
      bson "^5.4.0"
      mongodb-connection-string-url "^2.6.0"
      socks "^2.7.1"
    optionalDependencies:
      "@mongodb-js/saslprep" "^1.1.0"
  
  mongoose@^7.5.3:
    version "7.5.3"
    resolved "https://registry.npmjs.org/mongoose/-/mongoose-7.5.3.tgz"
    integrity sha512-QyYzhZusux0wIJs+4rYyHvel0kJm0CT887trNd1WAB3iQnDuJow0xEnjETvuS/cTjHQUVPihOpN7OHLlpJc52w==
    dependencies:
      bson "^5.4.0"
      kareem "2.5.1"
      mongodb "5.8.1"
      mpath "0.9.0"
      mquery "5.0.0"
      ms "2.1.3"
      sift "16.0.1"
  
  mpath@0.9.0:
    version "0.9.0"
    resolved "https://registry.npmjs.org/mpath/-/mpath-0.9.0.tgz"
    integrity sha512-ikJRQTk8hw5DEoFVxHG1Gn9T/xcjtdnOKIU1JTmGjZZlg9LST2mBLmcX3/ICIbgJydT2GOc15RnNy5mHmzfSew==
  
  mquery@5.0.0:
    version "5.0.0"
    resolved "https://registry.npmjs.org/mquery/-/mquery-5.0.0.tgz"
    integrity sha512-iQMncpmEK8R8ncT8HJGsGc9Dsp8xcgYMVSbs5jgnm1lFHTZqMJTUWTDx1LBO8+mK3tPNZWFLBghQEIOULSTHZg==
    dependencies:
      debug "4.x"
  
  ms@2.1.2:
    version "2.1.2"
    resolved "https://registry.npmjs.org/ms/-/ms-2.1.2.tgz"
    integrity sha512-sGkPx+VjMtmA6MX27oA4FBFELFCZZ4S4XqeGOXCv68tT+jb3vk/RyaKWP0PTKyWtmLSM0b+adUTEvbs1PEaH2w==
  
  ms@2.1.3:
    version "2.1.3"
    resolved "https://registry.npmjs.org/ms/-/ms-2.1.3.tgz"
    integrity sha512-6FlzubTLZG3J2a/NVCAleEhjzq5oxgHyaCU9yYXvcLsvoVaHJq/s5xXI6/XXP6tz7R9xAOtHnSO/tXtF3WRTlA==
  
  node-fetch@2.6.7:
    version "2.6.7"
    resolved "https://registry.npmjs.org/node-fetch/-/node-fetch-2.6.7.tgz"
    integrity sha512-ZjMPFEfVx5j+y2yF35Kzx5sF7kDzxuDj6ziH4FFbOp87zKDZNx8yExJIb05OGF4Nlt9IHFIMBkRl41VdvcNdbQ==
    dependencies:
      whatwg-url "^5.0.0"
  
  protobufjs@^7.2.4:
    version "7.2.5"
    resolved "https://registry.npmjs.org/protobufjs/-/protobufjs-7.2.5.tgz"
    integrity sha512-gGXRSXvxQ7UiPgfw8gevrfRWcTlSbOFg+p/N+JVJEK5VhueL2miT6qTymqAmjr1Q5WbOCyJbyrk6JfWKwlFn6A==
    dependencies:
      "@protobufjs/aspromise" "^1.1.2"
      "@protobufjs/base64" "^1.1.2"
      "@protobufjs/codegen" "^2.0.4"
      "@protobufjs/eventemitter" "^1.1.0"
      "@protobufjs/fetch" "^1.1.0"
      "@protobufjs/float" "^1.0.2"
      "@protobufjs/inquire" "^1.1.0"
      "@protobufjs/path" "^1.1.2"
      "@protobufjs/pool" "^1.1.0"
      "@protobufjs/utf8" "^1.1.0"
      "@types/node" ">=13.7.0"
      long "^5.0.0"
  
  proxy-from-env@^1.1.0:
    version "1.1.0"
    resolved "https://registry.npmjs.org/proxy-from-env/-/proxy-from-env-1.1.0.tgz"
    integrity sha512-D+zkORCbA9f1tdWRK0RaCR3GPv50cMxcrz4X8k5LTSUD1Dkw47mKJEZQNunItRTkWwgtaUSo1RVFRIG9ZXiFYg==
  
  punycode@^2.1.1:
    version "2.3.0"
    resolved "https://registry.npmjs.org/punycode/-/punycode-2.3.0.tgz"
    integrity sha512-rRV+zQD8tVFys26lAGR9WUuS4iUAngJScM+ZRSKtvl5tKeZ2t5bvdNFdNHBW9FWR4guGHlgmsZ1G7BSm2wTbuA==
  
  require-directory@^2.1.1:
    version "2.1.1"
    resolved "https://registry.npmjs.org/require-directory/-/require-directory-2.1.1.tgz"
    integrity sha512-fGxEI7+wsG9xrvdjsrlmL22OMTTiHRwAMroiEeMgq8gzoLC/PQr7RsRDSTLUg/bZAZtF+TVIkHc6/4RIKrui+Q==
  
  safe-buffer@>=5.1.0:
    version "5.2.1"
    resolved "https://registry.npmjs.org/safe-buffer/-/safe-buffer-5.2.1.tgz"
    integrity sha512-rp3So07KcdmmKbGvgaNxQSJr7bGVSVk5S9Eq1F+ppbRo70+YeaDxkw5Dd8NPN+GD6bjnYm2VuPuCXmpuYvmCXQ==
  
  sift@16.0.1:
    version "16.0.1"
    resolved "https://registry.npmjs.org/sift/-/sift-16.0.1.tgz"
    integrity sha512-Wv6BjQ5zbhW7VFefWusVP33T/EM0vYikCaQ2qR8yULbsilAT8/wQaXvuQ3ptGLpoKx+lihJE3y2UTgKDyyNHZQ==
  
  smart-buffer@^4.2.0:
    version "4.2.0"
    resolved "https://registry.npmjs.org/smart-buffer/-/smart-buffer-4.2.0.tgz"
    integrity sha512-94hK0Hh8rPqQl2xXc3HsaBoOXKV20MToPkcXvwbISWLEs+64sBq5kFgn2kJDHb1Pry9yrP0dxrCI9RRci7RXKg==
  
  socks@^2.7.1:
    version "2.7.1"
    resolved "https://registry.npmjs.org/socks/-/socks-2.7.1.tgz"
    integrity sha512-7maUZy1N7uo6+WVEX6psASxtNlKaNVMlGQKkG/63nEDdLOWNbiUMoLK7X4uYoLhQstau72mLgfEWcXcwsaHbYQ==
    dependencies:
      ip "^2.0.0"
      smart-buffer "^4.2.0"
  
  sparse-bitfield@^3.0.3:
    version "3.0.3"
    resolved "https://registry.npmjs.org/sparse-bitfield/-/sparse-bitfield-3.0.3.tgz"
    integrity sha512-kvzhi7vqKTfkh0PZU+2D2PIllw2ymqJKujUcyPMd9Y75Nv4nPbGJZXNhxsgdQab2BmlDct1YnfQCguEvHr7VsQ==
    dependencies:
      memory-pager "^1.0.2"
  
  string-width@^4.1.0, string-width@^4.2.0, string-width@^4.2.3:
    version "4.2.3"
    resolved "https://registry.npmjs.org/string-width/-/string-width-4.2.3.tgz"
    integrity sha512-wKyQRQpjJ0sIp62ErSZdGsjMJWsap5oRNihHhu6G7JVO/9jIB6UyevL+tXuOqrng8j/cxKTWyWUwvSTriiZz/g==
    dependencies:
      emoji-regex "^8.0.0"
      is-fullwidth-code-point "^3.0.0"
      strip-ansi "^6.0.1"
  
  strip-ansi@^6.0.0, strip-ansi@^6.0.1:
    version "6.0.1"
    resolved "https://registry.npmjs.org/strip-ansi/-/strip-ansi-6.0.1.tgz"
    integrity sha512-Y38VPSHcqkFrCpFnQ9vuSXmquuv5oXOKpGeT6aGrr3o3Gc9AlVa6JBfUSOCnbxGGZF+/0ooI7KrPuUSztUdU5A==
    dependencies:
      ansi-regex "^5.0.1"
  
  tr46@^3.0.0:
    version "3.0.0"
    resolved "https://registry.npmjs.org/tr46/-/tr46-3.0.0.tgz"
    integrity sha512-l7FvfAHlcmulp8kr+flpQZmVwtu7nfRV7NZujtN0OqES8EL4O4e0qqzL0DC5gAvx/ZC/9lk6rhcUwYvkBnBnYA==
    dependencies:
      punycode "^2.1.1"
  
  tr46@~0.0.3:
    version "0.0.3"
    resolved "https://registry.npmjs.org/tr46/-/tr46-0.0.3.tgz"
    integrity sha512-N3WMsuqV66lT30CrXNbEjx4GEwlow3v6rr4mCcv6prnfwhS01rkgyFdjPNBYd9br7LpXV1+Emh01fHnq2Gdgrw==
  
  tslib@^2.1.0:
    version "2.6.2"
    resolved "https://registry.npmjs.org/tslib/-/tslib-2.6.2.tgz"
    integrity sha512-AEYxH93jGFPn/a2iVAwW87VuUIkR1FVUKB77NwMF7nBTDkDrrT/Hpt/IrCJ0QXhW27jTBDcf5ZY7w6RiqTMw2Q==
  
  webidl-conversions@^3.0.0:
    version "3.0.1"
    resolved "https://registry.npmjs.org/webidl-conversions/-/webidl-conversions-3.0.1.tgz"
    integrity sha512-2JAn3z8AR6rjK8Sm8orRC0h/bcl/DqL7tRPdGZ4I1CjdF+EaMLmYxBHyXuKL849eucPFhvBoxMsflfOb8kxaeQ==
  
  webidl-conversions@^7.0.0:
    version "7.0.0"
    resolved "https://registry.npmjs.org/webidl-conversions/-/webidl-conversions-7.0.0.tgz"
    integrity sha512-VwddBukDzu71offAQR975unBIGqfKZpM+8ZX6ySk8nYhVoo5CYaZyzt3YBvYtRtO+aoGlqxPg/B87NGVZ/fu6g==
  
  websocket-driver@>=0.5.1:
    version "0.7.4"
    resolved "https://registry.npmjs.org/websocket-driver/-/websocket-driver-0.7.4.tgz"
    integrity sha512-b17KeDIQVjvb0ssuSDF2cYXSg2iztliJ4B9WdsuB6J952qCPKmnVq4DyW5motImXHDC1cBT/1UezrJVsKw5zjg==
    dependencies:
      http-parser-js ">=0.5.1"
      safe-buffer ">=5.1.0"
      websocket-extensions ">=0.1.1"
  
  websocket-extensions@>=0.1.1:
    version "0.1.4"
    resolved "https://registry.npmjs.org/websocket-extensions/-/websocket-extensions-0.1.4.tgz"
    integrity sha512-OqedPIGOfsDlo31UNwYbCFMSaO9m9G/0faIHj5/dZFDMFqPTcx6UwqyOy3COEaEOg/9VsGIpdqn62W5KhoKSpg==
  
  whatwg-url@^11.0.0:
    version "11.0.0"
    resolved "https://registry.npmjs.org/whatwg-url/-/whatwg-url-11.0.0.tgz"
    integrity sha512-RKT8HExMpoYx4igMiVMY83lN6UeITKJlBQ+vR/8ZJ8OCdSiN3RwCq+9gH0+Xzj0+5IrM6i4j/6LuvzbZIQgEcQ==
    dependencies:
      tr46 "^3.0.0"
      webidl-conversions "^7.0.0"
  
  whatwg-url@^5.0.0:
    version "5.0.0"
    resolved "https://registry.npmjs.org/whatwg-url/-/whatwg-url-5.0.0.tgz"
    integrity sha512-saE57nupxk6v3HY35+jzBwYa0rKSy0XR8JSxZPwgLr7ys0IBzhGviA1/TUGJLmSVqs8pb9AnvICXEuOHLprYTw==
    dependencies:
      tr46 "~0.0.3"
      webidl-conversions "^3.0.0"
  
  wrap-ansi@^7.0.0:
    version "7.0.0"
    resolved "https://registry.npmjs.org/wrap-ansi/-/wrap-ansi-7.0.0.tgz"
    integrity sha512-YVGIj2kamLSTxw6NsZjoBxfSwsn0ycdesmc4p+Q21c5zPuZ1pl+NfxVdxPtdHvmNVOQ6XSYG4AUtyt/Fi7D16Q==
    dependencies:
      ansi-styles "^4.0.0"
      string-width "^4.1.0"
      strip-ansi "^6.0.0"
  
  y18n@^5.0.5:
    version "5.0.8"
    resolved "https://registry.npmjs.org/y18n/-/y18n-5.0.8.tgz"
    integrity sha512-0pfFzegeDWJHJIAmTLRP2DwHjdF5s7jo9tuztdQxAhINCdvS+3nGINqPd00AphqJR/0LhANUS6/+7SCb98YOfA==
  
  yargs-parser@^21.1.1:
    version "21.1.1"
    resolved "https://registry.npmjs.org/yargs-parser/-/yargs-parser-21.1.1.tgz"
    integrity sha512-tVpsJW7DdjecAiFpbIB1e3qxIQsE6NoPc5/eTdrbbIC4h0LVsWhnoa3g+m2HclBIujHzsxZ4VJVA+GUuc2/LBw==
  
  yargs@^17.7.2:
    version "17.7.2"
    resolved "https://registry.npmjs.org/yargs/-/yargs-17.7.2.tgz"
    integrity sha512-7dSzzRQ++CKnNI/krKnYRV7JKKPUXMEh61soaHKg9mrWEhzFWhFnxPxGl+69cD1Ou63C13NUPCnmIcrvqCuM6w==
    dependencies:
      cliui "^8.0.1"
      escalade "^3.1.1"
      get-caller-file "^2.0.5"
      require-directory "^2.1.1"
      string-width "^4.2.3"
      y18n "^5.0.5"
      yargs-parser "^21.1.1"
  
  yarn@^1.22.19:
    version "1.22.19"
    resolved "https://registry.npmjs.org/yarn/-/yarn-1.22.19.tgz"
    integrity sha512-/0V5q0WbslqnwP91tirOvldvYISzaqhClxzyUKXYxs07yUILIs5jx/k6CFe8bvKSkds5w+eiOqta39Wk3WxdcQ==
